CRITICAL:root:File contains parsing errors: c:\\temp\feeder.cfg
	[line  2]: '    start=http://www.findandconnect.gov.au\n'
	[line  3]: '    match=EAC\n'
	[line  4]: '    sleep=0\n'
	[line  6]: '    convertentities=xml\n'
	[line  8]: '    entities=true\n'
	[line  9]: '    location=true\n'
	[line 10]: '    ALCHEMY_API_KEY=552ddb507325e274a0d0a3fb80956cedc5c475bc\n'
	[line 11]: '    GOOGLE_MAPS_API_KEY=\n'
	[line 13]: '    solr=http://idx-master:8080/FACP/\n'
	[line 14]: '    flush=false\n'
	[line 15]: '    add=true\n'
	[line 16]: '    commit=true\n'
	[line 17]: '    optimize=true\n'
	[line 19]: '    output=report.html\n'
INFO:root:Started with arguments ... 
INFO:root:Started with arguments ... 
INFO:root:Started with arguments ... 
INFO:root:Started with arguments ... 
INFO:root:Started with arguments ... 
INFO:root:Started with arguments ... 
INFO:root:Started with arguments ... 
INFO:root:Started with arguments ... 
INFO:root:Started with arguments ... 
INFO:root:Started with arguments ... 
INFO:root:Started with arguments ... 
INFO:root:Started with arguments ... 
INFO:root:Started with arguments ... 
INFO:root:Started with arguments ... 
INFO:root:Started with arguments ... 
INFO:root:Started with arguments ... 
INFO:root:Started with arguments ... 
INFO:root:Started with arguments ... 
INFO:root:Started with arguments ... 
INFO:root:Started with arguments ... 
INFO:root:Started with arguments ... 
INFO:root:Started with arguments ... 
INFO:root:Started with arguments ... 
INFO:root:Started with arguments ... 
INFO:root:Started with arguments ... 
INFO:root:Started with arguments ... 
INFO:root:Started with arguments ... 
